-3330
6 20 81
17 22 78
9 6 76
32 21 75
16 3 75
29 4 74
3 39 68
10 31 67
3 48 64
4 27 64
27 19 63
36 15 63
12 13 62
7 26 62
7 25 61
18 37 61
18 16 61
2 48 59
7 14 59
19 22 59
36 18 58
2 29 58
0 42 57
4 19 57
21 24 55
39 11 55
40 16 55
19 17 55
25 3 54
14 23 53
15 25 53
17 26 53
26 6 52
27 11 51
36 6 51
40 46 50
9 40 50
38 42 50
29 44 49
3 35 48
38 12 47
44 7 47
25 47 47
26 23 47
35 1 47
7 3 46
3 27 46
23 12 44
8 49 44
32 4 44
10 26 43
39 6 43
26 24 41
16 41 41
35 12 41
47 33 41
17 12 40
42 29 40
15 7 40
33 7 40
5 8 38
47 21 38
25 23 36
3 38 36
48 12 34
37 17 33
38 23 33
32 35 33
42 6 32
48 46 30
40 48 30
13 21 27
8 34 27
49 32 26
22 24 24
14 0 24
30 4 24
19 48 23
24 19 23
23 29 22
2 13 22
8 15 21
2 30 21
45 48 21
46 24 20
37 30 19
29 31 19
40 7 19
15 39 18
43 0 17
34 4 16
2 3 13
44 6 13
19 25 12
49 19 12
23 47 11
10 45 11
26 31 9
48 23 7
2 22 6
41 18 5
22 14 5
7 24 3
3 32 3
43 17 2
26 22 1
35 22 1
1 0 0
1 8 0
5 12 0
20 36 -1
23 6 -3
21 25 -3
3 0 -3
8 26 -5
33 8 -6
10 18 -6
45 5 -6
6 14 -6
27 13 -7
39 31 -10
16 38 -11
44 8 -12
40 43 -12
10 24 -14
35 10 -15
17 8 -15
20 48 -16
17 29 -16
13 45 -17
4 10 -17
49 22 -18
47 48 -18
35 6 -18
15 40 -18
7 30 -19
9 24 -19
34 25 -19
10 22 -21
24 28 -23
9 22 -23
25 0 -24
9 41 -24
47 44 -24
8 6 -25
1 26 -25
42 16 -26
7 47 -32
16 23 -32
23 9 -33
6 12 -34
31 38 -34
12 25 -36
42 7 -39
30 13 -41
48 27 -41
48 6 -42
7 16 -42
35 49 -43
22 31 -45
0 17 -45
18 7 -45
42 39 -45
32 18 -46
48 28 -47
10 44 -47
48 49 -48
35 34 -50
47 37 -50
8 19 -50
19 36 -51
36 46 -51
7 31 -51
30 36 -51
27 34 -52
32 22 -53
42 2 -54
27 29 -55
20 34 -56
37 44 -57
36 21 -58
14 10 -58
32 34 -59
34 14 -59
2 8 -59
39 23 -61
1 45 -61
43 9 -61
19 7 -62
9 35 -63
36 2 -63
21 10 -65
36 43 -65
13 4 -65
15 45 -66
30 33 -67
27 8 -67
28 4 -67
15 29 -67
9 21 -68
21 30 -68
21 18 -68
48 21 -68
40 0 -68
32 42 -69
10 41 -70
5 28 -70
27 38 -72
29 47 -73
41 35 -74
16 17 -74
9 29 -75
5 29 -76
35 28 -76
42 24 -76
9 3 -76
6 7 -77
41 31 -77
3 13 -77
13 40 -77
14 9 -78
6 31 -78
48 37 -79
30 49 -81
12 46 -81
36 9 -81
42 5 -81
2 45 -81
49 37 -83
39 40 -83
12 34 -84
30 10 -84
32 23 -84
6 49 -88
7 22 -89
32 11 -89
32 30 -90
5 36 -90
33 14 -91
21 39 -92
23 40 -92
33 32 -93
47 16 -94
17 33 -95
12 3 -95
46 31 -97
33 3 -98
11 2 -99
45 8 -100
29 10 -100
10 39 -100
